This is e-pTeX, Version 3.141592653-p4.0.0-220214-2.6 (utf8.sjis) (TeX Live 2022) (preloaded format=platex 2023.2.2)  2 MAR 2023 03:43
entering extended mode
 restricted \write18 enabled.
 file:line:error style messages enabled.
 %&-line parsing enabled.
**kzthesis.tex
(./kzthesis.tex
pLaTeX2e <2021-11-15>+1 (based on LaTeX2e <2022-11-01> patch level 1)
L3 programming layer <2023-01-24> (./kzthesis.cls
Document Class: kzthesis 2008/01/13 v113
(c:/texlive/2022/texmf-dist/tex/platex/base/jbook.cls
Document Class: jbook 2020/09/30 v1.8f Standard pLaTeX class
\c@@paper=\count184
(c:/texlive/2022/texmf-dist/tex/platex/base/jbk12.clo
File: jbk12.clo 2020/09/30 v1.8f Standard pLaTeX file (size option)
)
\c@part=\count185
\c@chapter=\count186
\c@section=\count187
\c@subsection=\count188
\c@subsubsection=\count189
\c@paragraph=\count190
\c@subparagraph=\count191
\c@figure=\count192
\c@table=\count193
\abovecaptionskip=\skip48
\belowcaptionskip=\skip49
\symmincho=\mathgroup4
LaTeX Font Info:    Overwriting symbol font `mincho' in version `bold'
(Font)                  JY1/mc/m/n --> JY1/gt/m/n on input line 708.
\toclineskip=\dimen156
\@lnumwidth=\dimen157
\bibindent=\dimen158
\heisei=\count194
)
(c:/texlive/2022/texmf-dist/tex/latex/graphics/graphicx.sty
Package: graphicx 2021/09/16 v1.2d Enhanced LaTeX Graphics (DPC,SPQR)

(c:/texlive/2022/texmf-dist/tex/latex/graphics/keyval.sty
Package: keyval 2022/05/29 v1.15 key=value parser (DPC)
\KV@toks@=\toks17
)
(c:/texlive/2022/texmf-dist/tex/latex/graphics/graphics.sty
Package: graphics 2022/03/10 v1.4e Standard LaTeX Graphics (DPC,SPQR)

(c:/texlive/2022/texmf-dist/tex/latex/graphics/trig.sty
Package: trig 2021/08/11 v1.11 sin cos tan (DPC)
)
(c:/texlive/2022/texmf-dist/tex/latex/graphics-cfg/graphics.cfg
File: graphics.cfg 2016/06/04 v1.11 sample graphics configuration
)
Package graphics Info: Driver file: dvips.def on input line 107.

(c:/texlive/2022/texmf-dist/tex/latex/graphics-def/dvips.def
File: dvips.def 2022/09/22 v3.1e Graphics/color driver for dvips
))
\Gin@req@height=\dimen159
\Gin@req@width=\dimen160
)
(c:/texlive/2022/texmf-dist/tex/latex/amsfonts/amssymb.sty
Package: amssymb 2013/01/14 v3.01 AMS font symbols

(c:/texlive/2022/texmf-dist/tex/latex/amsfonts/amsfonts.sty
Package: amsfonts 2013/01/14 v3.01 Basic AMSFonts support
\@emptytoks=\toks18
\symAMSa=\mathgroup5
\symAMSb=\mathgroup6
LaTeX Font Info:    Redeclaring math symbol \hbar on input line 98.
LaTeX Font Info:    Overwriting math alphabet `\mathfrak' in version `bold'
(Font)                  U/euf/m/n --> U/euf/b/n on input line 106.
))
(c:/texlive/2022/texmf-dist/tex/latex/amsmath/amsmath.sty
Package: amsmath 2022/04/08 v2.17n AMS math features
\@mathmargin=\skip50

For additional information on amsmath, use the `?' option.
(c:/texlive/2022/texmf-dist/tex/latex/amsmath/amstext.sty
Package: amstext 2021/08/26 v2.01 AMS text

(c:/texlive/2022/texmf-dist/tex/latex/amsmath/amsgen.sty
File: amsgen.sty 1999/11/30 v2.0 generic functions
\@emptytoks=\toks19
\ex@=\dimen161
))
(c:/texlive/2022/texmf-dist/tex/latex/amsmath/amsbsy.sty
Package: amsbsy 1999/11/29 v1.2d Bold Symbols
\pmbraise@=\dimen162
)
(c:/texlive/2022/texmf-dist/tex/latex/amsmath/amsopn.sty
Package: amsopn 2022/04/08 v2.04 operator names
)
\inf@bad=\count195
LaTeX Info: Redefining \frac on input line 234.
\uproot@=\count196
\leftroot@=\count197
LaTeX Info: Redefining \overline on input line 399.
LaTeX Info: Redefining \colon on input line 410.
\classnum@=\count198
\DOTSCASE@=\count199
LaTeX Info: Redefining \ldots on input line 496.
LaTeX Info: Redefining \dots on input line 499.
LaTeX Info: Redefining \cdots on input line 620.
\Mathstrutbox@=\box68
\strutbox@=\box69
LaTeX Info: Redefining \big on input line 722.
LaTeX Info: Redefining \Big on input line 723.
LaTeX Info: Redefining \bigg on input line 724.
LaTeX Info: Redefining \Bigg on input line 725.
\big@size=\dimen163
LaTeX Font Info:    Redeclaring font encoding OML on input line 743.
LaTeX Font Info:    Redeclaring font encoding OMS on input line 744.
\macc@depth=\count266
LaTeX Info: Redefining \bmod on input line 905.
LaTeX Info: Redefining \pmod on input line 910.
LaTeX Info: Redefining \smash on input line 940.
LaTeX Info: Redefining \relbar on input line 970.
LaTeX Info: Redefining \Relbar on input line 971.
\c@MaxMatrixCols=\count267
\dotsspace@=\muskip16
\c@parentequation=\count268
\dspbrk@lvl=\count269
\tag@help=\toks20
\row@=\count270
\column@=\count271
\maxfields@=\count272
\andhelp@=\toks21
\eqnshift@=\dimen164
\alignsep@=\dimen165
\tagshift@=\dimen166
\tagwidth@=\dimen167
\totwidth@=\dimen168
\lineht@=\dimen169
\@envbody=\toks22
\multlinegap=\skip51
\multlinetaggap=\skip52
\mathdisplay@stack=\toks23
LaTeX Info: Redefining \[ on input line 2953.
LaTeX Info: Redefining \] on input line 2954.
)
(c:/texlive/2022/texmf-dist/tex/latex/tools/bm.sty
Package: bm 2022/01/05 v1.2f Bold Symbol Support (DPC/FMi)
\symboldoperators=\mathgroup7
\symboldletters=\mathgroup8
\symboldsymbols=\mathgroup9
Package bm Info: No bold for \OMX/cmex/m/n, using \pmb.
\symboldmincho=\mathgroup10
Package bm Info: No bold for \U/msa/m/n, using \pmb.
Package bm Info: No bold for \U/msb/m/n, using \pmb.
LaTeX Font Info:    Redeclaring math alphabet \mathbf on input line 149.
))
(c:/texlive/2022/texmf-dist/tex/latex/l3backend/l3backend-dvips.def
File: l3backend-dvips.def 2023-01-16 L3 backend support: dvips
\l__pdf_internal_box=\box70
\g__pdf_backend_object_int=\count273
\l__pdf_backend_content_box=\box71
\l__pdf_backend_model_box=\box72
\g__pdf_backend_annotation_int=\count274
\g__pdf_backend_link_int=\count275
\g__pdf_backend_link_sf_int=\count276
)
(./kzthesis.aux (./title.aux) (./abstract.aux) (./acknowledgments.aux)
(./chapter_1.aux) (./chapter_2.aux

LaTeX Warning: Label `fig:f2' multiply defined.


LaTeX Warning: Label `fig:f2' multiply defined.


LaTeX Warning: Label `fig:f2' multiply defined.


LaTeX Warning: Label `fig:f2' multiply defined.


LaTeX Warning: Label `fig:f2' multiply defined.


LaTeX Warning: Label `fig:f2' multiply defined.


LaTeX Warning: Label `fig:f2' multiply defined.

) (./chapter_3.aux

LaTeX Warning: Label `fig:f2' multiply defined.


LaTeX Warning: Label `fig:f2' multiply defined.


LaTeX Warning: Label `fig:f2' multiply defined.


LaTeX Warning: Label `fig:f2' multiply defined.


LaTeX Warning: Label `fig:f2' multiply defined.


LaTeX Warning: Label `fig:f2' multiply defined.


LaTeX Warning: Label `fig:f2' multiply defined.


LaTeX Warning: Label `fig:f2' multiply defined.


LaTeX Warning: Label `fig:f2' multiply defined.

) (./chapter_4.aux) (./bibliography.aux))
\openout1 = `kzthesis.aux'.

LaTeX Font Info:    Checking defaults for OML/cmm/m/it on input line 18.
LaTeX Font Info:    ... okay on input line 18.
LaTeX Font Info:    Checking defaults for OMS/cmsy/m/n on input line 18.
LaTeX Font Info:    ... okay on input line 18.
LaTeX Font Info:    Checking defaults for OT1/cmr/m/n on input line 18.
LaTeX Font Info:    ... okay on input line 18.
LaTeX Font Info:    Checking defaults for T1/cmr/m/n on input line 18.
LaTeX Font Info:    ... okay on input line 18.
LaTeX Font Info:    Checking defaults for TS1/cmr/m/n on input line 18.
LaTeX Font Info:    ... okay on input line 18.
LaTeX Font Info:    Checking defaults for OMX/cmex/m/n on input line 18.
LaTeX Font Info:    ... okay on input line 18.
LaTeX Font Info:    Checking defaults for U/cmr/m/n on input line 18.
LaTeX Font Info:    ... okay on input line 18.
LaTeX Font Info:    Checking defaults for JY1/mc/m/n on input line 18.
LaTeX Font Info:    ... okay on input line 18.
LaTeX Font Info:    Checking defaults for JT1/mc/m/n on input line 18.
LaTeX Font Info:    ... okay on input line 18.
\openout2 = `title.aux'.

 (./title.tex)
\openout2 = `abstract.aux'.

 (./abstract.tex
LaTeX Font Info:    Font shape `JT1/mc/bx/n' in size <17.28> not available
(Font)              Font shape `JT1/gt/m/n' tried instead on input line 2.
LaTeX Font Info:    Font shape `JY1/mc/bx/n' in size <17.28> not available
(Font)              Font shape `JY1/gt/m/n' tried instead on input line 2.
)
[1






]
\openout2 = `acknowledgments.aux'.

 (./acknowledgments.tex) [2



]
LaTeX Font Info:    Font shape `JT1/mc/bx/n' in size <24.88> not available
(Font)              Font shape `JT1/gt/m/n' tried instead on input line 27.
LaTeX Font Info:    Font shape `JY1/mc/bx/n' in size <24.88> not available
(Font)              Font shape `JY1/gt/m/n' tried instead on input line 27.
 (./kzthesis.toc
LaTeX Font Info:    Font shape `JT1/mc/bx/n' in size <12> not available
(Font)              Font shape `JT1/gt/m/n' tried instead on input line 1.
LaTeX Font Info:    Font shape `JY1/mc/bx/n' in size <12> not available
(Font)              Font shape `JY1/gt/m/n' tried instead on input line 1.
LaTeX Font Info:    Trying to load font information for U+msa on input line 2.

(c:/texlive/2022/texmf-dist/tex/latex/amsfonts/umsa.fd
File: umsa.fd 2013/01/14 v3.01 AMS symbols A
)
LaTeX Font Info:    Trying to load font information for U+msb on input line 2.

(c:/texlive/2022/texmf-dist/tex/latex/amsfonts/umsb.fd
File: umsb.fd 2013/01/14 v3.01 AMS symbols B
))
\tf@toc=\write3
\openout3 = `kzthesis.toc'.

 [3



] [4

]
(./kzthesis.lof)
\tf@lof=\write4
\openout4 = `kzthesis.lof'.

 [5] [6

] (./kzthesis.lot)
\tf@lot=\write5
\openout5 = `kzthesis.lot'.

 [7] [8

]
\openout2 = `chapter_1.aux'.

 (./chapter_1.tex
第\hspace {0.25zw} 1 \hspace {0.25zw}章

Underfull \vbox (badness 6910) has occurred while \output is active []

 [1


]
File: wang.eps Graphic file (type eps)

<wang.eps> [2]) [3]
\openout2 = `chapter_2.aux'.

 (./chapter_2.tex [4




]
第\hspace {0.25zw} 2 \hspace {0.25zw}章
LaTeX Font Info:    Font shape `JT1/mc/bx/n' in size <14.4> not available
(Font)              Font shape `JT1/gt/m/n' tried instead on input line 12.
LaTeX Font Info:    Font shape `JY1/mc/bx/n' in size <14.4> not available
(Font)              Font shape `JY1/gt/m/n' tried instead on input line 12.
File: lite6.eps Graphic file (type eps)
<lite6.eps> [5]
File: pet_gripper.eps Graphic file (type eps)
 <pet_gripper.eps>
File: kirigami_gripper.eps Graphic file (type eps)
 <kirigami_gripper.eps> [6]
File: kirigami_gripper_rviz_and_lite6_with_kirigami_gripper_gazebo.eps Graphic 
file (type eps)

<kirigami_gripper_rviz_and_lite6_with_kirigami_gripper_gazebo.eps>
Overfull \hbox (1.04762pt too wide) in paragraph at lines 76--86
[]\JY1/mc/m/n/12 　本研究では ， \OT1/cmr/m/n/12 Fin-ger1[]joint \JY1/mc/m/n/12
 に \OT1/cmr/m/n/12 Mimic joint \JY1/mc/m/n/12 設定を行い ， \OT1/cmr/m/n/12 Fi
n-ger2[]joint \JY1/mc/m/n/12 と \OT1/cmr/m/n/12 Fin-ger3[]joint
 []

[7]
Overfull \hbox (1.2974pt too wide) in paragraph at lines 92--113
\JY1/mc/m/n/12 ドで \OT1/cmr/m/n/12 Lite6 \JY1/mc/m/n/12 の \OT1/cmr/m/n/12 ROS
 \JY1/mc/m/n/12 コントロ ーラである \OT1/cmr/m/n/12 Po-si-tion[]controllers/Joi
ntTrajectoryController
 []

[8]
File: system.eps Graphic file (type eps)
 <system.eps>
Overfull \hbox (53.74417pt too wide) in paragraph at lines 116--117
 [][] 
 []

File: launch_node_order.eps Graphic file (type eps)
<launch_node_order.eps>
Underfull \vbox (badness 10000) has occurred while \output is active []

 [9]
[10]
File: cad_angle_cal.eps Graphic file (type eps)
 <cad_angle_cal.eps>) [11]
\openout2 = `chapter_3.aux'.

 (./chapter_3.tex [12




]
第\hspace {0.25zw} 3 \hspace {0.25zw}章
File: expt_environment.eps Graphic file (type eps)
<expt_environment.eps>
File: expt_connect.eps Graphic file (type eps)
 <expt_connect.eps> [13]
Underfull \vbox (badness 3690) has occurred while \output is active []

 [14]
File: measure_joint.eps Graphic file (type eps)

<measure_joint.eps> [15]
File: realmove.eps Graphic file (type eps)
 <realmove.eps>
Overfull \hbox (28.44702pt too wide) in paragraph at lines 72--73
 [][] 
 []

File: expt_8_joint_states.eps Graphic file (type eps)
<expt_8_joint_states.eps>
File: expt_8_dyna.eps Graphic file (type eps)
 <expt_8_dyna.eps> [16]
File: simmove.eps Graphic file (type eps)
 <simmove.eps>
Overfull \hbox (47.9999pt too wide) in paragraph at lines 116--117
 [][] 
 []

File: expt_8_sim_joint_states.eps Graphic file (type eps)
<expt_8_sim_joint_states.eps>
File: measure_joint_evi.eps Graphic file (type eps)
 <measure_joint_evi.eps> [17]
Underfull \vbox (badness 1789) has occurred while \output is active []

 [18])
[19] [20]
\openout2 = `chapter_4.aux'.

 (./chapter_4.tex
第\hspace {0.25zw} 4 \hspace {0.25zw}章
) [21




]
\openout2 = `bibliography.aux'.

 (./bibliography.tex [22




]
LaTeX Font Info:    Kanji font shape `JY1/mc/m/it' undefined
(Font)              No change on input line 10.
LaTeX Font Info:    Kanji font shape `JY1/mc/m/it' undefined
(Font)              No change on input line 15.
LaTeX Font Info:    Kanji font shape `JY1/mc/m/it' undefined
(Font)              No change on input line 20.
LaTeX Font Info:    Kanji font shape `JY1/mc/m/it' undefined
(Font)              No change on input line 25.
LaTeX Font Info:    Kanji font shape `JY1/mc/m/it' undefined
(Font)              No change on input line 30.
LaTeX Font Info:    Kanji font shape `JY1/mc/m/it' undefined
(Font)              No change on input line 35.
LaTeX Font Info:    Kanji font shape `JY1/mc/m/it' undefined
(Font)              No change on input line 40.
LaTeX Font Info:    Kanji font shape `JY1/mc/m/it' undefined
(Font)              No change on input line 45.

Underfull \hbox (badness 1102) in paragraph at lines 43--46
\OT1/cmr/m/n/12 Work, \OT1/cmr/m/it/12 in Pro-ceed-ings, the In-ter-na-tional S
ym-po-sium on Au-toma-tion and
 []

LaTeX Font Info:    Kanji font shape `JY1/mc/m/it' undefined
(Font)              No change on input line 50.
) [23] (./kzthesis.aux (./title.aux) (./abstract.aux) (./acknowledgments.aux)
(./chapter_1.aux) (./chapter_2.aux) (./chapter_3.aux) (./chapter_4.aux)
(./bibliography.aux))

LaTeX Warning: There were multiply-defined labels.

 ) 
Here is how much of TeX's memory you used:
 2717 strings out of 476498
 42690 string characters out of 5805899
 1859309 words of memory out of 5000000
 23294 multiletter control sequences out of 15000+600000
 529610 words of font info for 99 fonts, out of 8000000 for 9000
 929 hyphenation exceptions out of 8191
 72i,9n,76p,324b,296s stack positions out of 10000i,1000n,20000p,200000b,200000s

Output written on kzthesis.dvi (31 pages, 77708 bytes).
